#
# There is insufficient memory for the Java Runtime Environment to continue.
# Native memory allocation (malloc) failed to allocate 95696 bytes for Chunk::new
# Possible reasons:
#   The process is running with CompressedOops enabled, and the Java Heap may be blocking the growth of the native heap
# Possible solutions:
#   Reduce memory load on the system
#   Increase physical memory or swap space
#   Check if swap backing store is full
#   Decrease Java heap size (-Xmx/-Xms)
#   Decrease number of Java threads
#   Decrease Java thread stack sizes (-Xss)
#   Set larger code cache with -XX:ReservedCodeCacheSize=
#   JVM is running with Unscaled Compressed Oops mode in which the Java heap is
#     placed in the first 4GB address space. The Java Heap base address is the
#     maximum limit for the native heap growth. Please use -XX:HeapBaseMinAddress
#     to set the Java Heap base and to place the Java Heap above 4GB virtual address.
# This output file may be truncated or incomplete.
#
#  Out of Memory Error (allocation.cpp:389), pid=2116, tid=0x0000000000001c04
#
# JRE version: OpenJDK Runtime Environment (8.0_212-b04) (build 1.8.0_212-release-1586-b04)
# Java VM: OpenJDK 64-Bit Server VM (25.212-b04 mixed mode windows-amd64 compressed oops)
# Failed to write core dump. Minidumps are not enabled by default on client versions of Windows
#

---------------  T H R E A D  ---------------

Current thread (0x000000001603f000):  JavaThread "C2 CompilerThread0" daemon [_thread_in_native, id=7172, stack(0x00000000170a0000,0x00000000171a0000)]

Stack: [0x00000000170a0000,0x00000000171a0000]
[error occurred during error reporting (printing stack bounds), id 0xc0000005]

Native frames: (J=compiled Java code, j=interpreted, Vv=VM code, C=native code)


Current CompileTask:
C2:9648911 10686       4       java.util.TimSort::sort (229 bytes)


---------------  P R O C E S S  ---------------

Java Threads: ( => current thread )
  0x000000001c53c000 JavaThread "Exec process Thread 6" [_thread_in_native, id=5352, stack(0x0000000022460000,0x0000000022560000)]
  0x0000000018699800 JavaThread "Exec process Thread 5" [_thread_in_native, id=5040, stack(0x0000000022360000,0x0000000022460000)]
  0x0000000018698800 JavaThread "Exec process Thread 4" [_thread_in_native, id=9180, stack(0x0000000022060000,0x0000000022160000)]
  0x0000000018698000 JavaThread "Cache worker for execution history cache (C:\Users\merie\Desktop\settings\testtest\android\.gradle\5.6.2\executionHistory)" [_thread_blocked, id=3416, stack(0x0000000021af0000,0x0000000021bf0000)]
  0x000000001ae3a000 JavaThread "Execution worker for ':'" [_thread_blocked, id=2948, stack(0x00000000219f0000,0x0000000021af0000)]
  0x000000001ae38800 JavaThread "Cache worker for file content cache (C:\Users\merie\Desktop\settings\testtest\android\.gradle\5.6.2\fileContent)" [_thread_blocked, id=3544, stack(0x00000000214f0000,0x00000000215f0000)]
  0x000000001ae3b800 JavaThread "Cache worker for Build Output Cleanup Cache (C:\Users\merie\Desktop\settings\testtest\android\.gradle\buildOutputCleanup)" [_thread_blocked, id=8736, stack(0x000000001f390000,0x000000001f490000)]
  0x000000001ae37800 JavaThread "Build operations Thread 2" [_thread_blocked, id=916, stack(0x000000001ec90000,0x000000001ed90000)]
  0x000000001ae37000 JavaThread "Build operations" [_thread_blocked, id=9600, stack(0x000000001eb90000,0x000000001ec90000)]
  0x000000001ae3a800 JavaThread "Cache worker for cache directory md-rule (C:\Users\merie\.gradle\caches\5.6.2\md-rule)" [_thread_blocked, id=2820, stack(0x000000001cac0000,0x000000001cbc0000)]
  0x000000001ae2e800 JavaThread "Cache worker for cache directory md-supplier (C:\Users\merie\.gradle\caches\5.6.2\md-supplier)" [_thread_blocked, id=2668, stack(0x000000001a320000,0x000000001a420000)]
  0x000000001ae35800 JavaThread "Cache worker for file hash cache (C:\Users\merie\Desktop\settings\testtest\android\.gradle\5.6.2\fileHashes)" [_thread_blocked, id=2008, stack(0x000000001a220000,0x000000001a320000)]
  0x000000001ae2e000 JavaThread "Thread-34" [_thread_blocked, id=5124, stack(0x000000001a120000,0x000000001a220000)]
  0x000000001ae34800 JavaThread "Stdin handler" [_thread_blocked, id=10180, stack(0x000000001a020000,0x000000001a120000)]
  0x000000001ae30000 JavaThread "Asynchronous log dispatcher for DefaultDaemonConnection: socket connection from /127.0.0.1:50182 to /127.0.0.1:54680" [_thread_blocked, id=5716, stack(0x0000000019f20000,0x000000001a020000)]
  0x000000001ae33000 JavaThread "Daemon worker Thread 2" [_thread_blocked, id=9112, stack(0x0000000019e20000,0x0000000019f20000)]
  0x000000001ae2d000 JavaThread "Cancel handler" [_thread_blocked, id=5204, stack(0x0000000019b20000,0x0000000019c20000)]
  0x000000001ae34000 JavaThread "Handler for socket connection from /127.0.0.1:50182 to /127.0.0.1:54680" [_thread_in_native, id=2020, stack(0x0000000002610000,0x0000000002710000)]
  0x000000001ae2f800 JavaThread "Daemon Thread 2" [_thread_blocked, id=4796, stack(0x0000000000c40000,0x0000000000d40000)]
  0x000000001ae32800 JavaThread "Cache worker for file content cache (C:\Users\merie\.gradle\caches\5.6.2\fileContent)" [_thread_blocked, id=7572, stack(0x00000000213f0000,0x00000000214f0000)]
  0x000000001ae31800 JavaThread "Memory manager" [_thread_blocked, id=8828, stack(0x00000000210f0000,0x00000000211f0000)]
  0x000000001ae2c800 JavaThread "Cache worker for execution history cache (C:\Users\merie\.gradle\caches\5.6.2\executionHistory)" [_thread_blocked, id=5676, stack(0x000000001e890000,0x000000001e990000)]
  0x000000001869b800 JavaThread "Cache worker for journal cache (C:\Users\merie\.gradle\caches\journal-1)" [_thread_blocked, id=6868, stack(0x000000001a620000,0x000000001a720000)]
  0x000000001869b000 JavaThread "File lock request listener" [_thread_in_native, id=9016, stack(0x000000001a520000,0x000000001a620000)]
  0x0000000018c7b000 JavaThread "Cache worker for file hash cache (C:\Users\merie\.gradle\caches\5.6.2\fileHashes)" [_thread_blocked, id=10024, stack(0x000000001a420000,0x000000001a520000)]
  0x000000001872b000 JavaThread "Daemon periodic checks" [_thread_blocked, id=9784, stack(0x0000000019820000,0x0000000019920000)]
  0x000000001872a000 JavaThread "Incoming local TCP Connector on port 50182" [_thread_in_native, id=9332, stack(0x00000000195b0000,0x00000000196b0000)]
  0x00000000186dd800 JavaThread "Daemon health stats" [_thread_blocked, id=7928, stack(0x0000000000b40000,0x0000000000c40000)]
  0x00000000160af000 JavaThread "Service Thread" daemon [_thread_blocked, id=8956, stack(0x00000000172a0000,0x00000000173a0000)]
  0x0000000016065000 JavaThread "C1 CompilerThread1" daemon [_thread_blocked, id=9796, stack(0x00000000171a0000,0x00000000172a0000)]
=>0x000000001603f000 JavaThread "C2 CompilerThread0" daemon [_thread_in_native, id=7172, stack(0x00000000170a0000,0x00000000171a0000)]
  0x000000001603d800 JavaThread "Attach Listener" daemon [_thread_blocked, id=7756, stack(0x0000000016fa0000,0x00000000170a0000)]
  0x000000001603a000 JavaThread "Signal Dispatcher" daemon [_thread_blocked, id=7464, stack(0x0000000016ea0000,0x0000000016fa0000)]
  0x0000000002908800 JavaThread "Finalizer" daemon [_thread_blocked, id=7508, stack(0x0000000016c70000,0x0000000016d70000)]
  0x0000000016027000 JavaThread "Reference Handler" daemon [_thread_blocked, id=1700, stack(0x0000000016b70000,0x0000000016c70000)]
  0x0000000002812800 JavaThread "main" [_thread_blocked, id=1572, stack(0x0000000002710000,0x0000000002810000)]

Other Threads:
  0x0000000016005800 VMThread [stack: 0x0000000016a70000,0x0000000016b70000] [id=4952]
  0x00000000160b2000 WatcherThread [stack: 0x00000000173a0000,0x00000000174a0000] [id=2936]

VM state:not at safepoint (normal execution)

VM Mutex/Monitor currently owned by a thread: None

heap address: 0x00000000a0000000, size: 1536 MB, Compressed Oops mode: 32-bit
Narrow klass base: 0x0000000000000000, Narrow klass shift: 3
Compressed class space size: 1073741824 Address: 0x0000000100000000

Heap:
 PSYoungGen      total 59904K, used 40744K [0x00000000e0000000, 0x00000000e5700000, 0x0000000100000000)
  eden space 32768K, 80% used [0x00000000e0000000,0x00000000e19b8db8,0x00000000e2000000)
  from space 27136K, 53% used [0x00000000e3c80000,0x00000000e4a912c8,0x00000000e5700000)
  to   space 28160K, 0% used [0x00000000e2000000,0x00000000e2000000,0x00000000e3b80000)
 ParOldGen       total 144384K, used 91145K [0x00000000a0000000, 0x00000000a8d00000, 0x00000000e0000000)
  object space 144384K, 63% used [0x00000000a0000000,0x00000000a59026a8,0x00000000a8d00000)
 Metaspace       used 72592K, capacity 75524K, committed 75608K, reserved 1114112K
  class space    used 9674K, capacity 10355K, committed 10368K, reserved 1048576K

Card table byte_map: [0x0000000011cd0000,0x0000000011fe0000] byte_map_base: 0x00000000117d0000

Marking Bits: (ParMarkBitMap*) 0x0000000062099f30
 Begin Bits: [0x00000000123e0000, 0x0000000013be0000)
 End Bits:   [0x0000000013be0000, 0x00000000153e0000)

Polling page: 0x0000000002540000

CodeCache: size=245760Kb used=28791Kb max_used=28845Kb free=216968Kb
 bounds [0x0000000002910000, 0x0000000004560000, 0x0000000011910000]
 total_blobs=9775 nmethods=8946 adapters=742
 compilation: enabled

Compilation events (10 events):
Event: 9557.190 Thread 0x0000000016065000 nmethod 10681 0x0000000004539450 code [0x0000000004539620, 0x000000000453a078]
Event: 9557.363 Thread 0x0000000016065000 10682       3       java.lang.ProcessEnvironment::addToEnv (20 bytes)
Event: 9557.364 Thread 0x0000000016065000 nmethod 10682 0x0000000002d92190 code [0x0000000002d923c0, 0x0000000002d93118]
Event: 9570.558 Thread 0x0000000016065000 10683       3       org.gradle.launcher.daemon.registry.DaemonRegistryContent::<init> (7 bytes)
Event: 9570.558 Thread 0x0000000016065000 nmethod 10683 0x0000000004538f90 code [0x0000000004539100, 0x0000000004539330]
Event: 9570.560 Thread 0x0000000016065000 10684       3       org.gradle.launcher.daemon.registry.DaemonRegistryContent::<init> (15 bytes)
Event: 9570.560 Thread 0x0000000016065000 nmethod 10684 0x000000000325bf10 code [0x000000000325c060, 0x000000000325c230]
Event: 9590.554 Thread 0x0000000016065000 10685       3       org.gradle.launcher.daemon.registry.DaemonInfo::<init> (12 bytes)
Event: 9590.555 Thread 0x0000000016065000 nmethod 10685 0x00000000032d5210 code [0x00000000032d5380, 0x00000000032d5508]
Event: 9645.548 Thread 0x000000001603f000 10686       4       java.util.TimSort::sort (229 bytes)

GC Heap History (10 events):
Event: 1028.395 GC heap before
{Heap before GC invocations=85 (full 5):
 PSYoungGen      total 59904K, used 26112K [0x00000000e0000000, 0x00000000e6300000, 0x0000000100000000)
  eden space 26112K, 100% used [0x00000000e0000000,0x00000000e1980000,0x00000000e1980000)
  from space 33792K, 0% used [0x00000000e1980000,0x00000000e1980000,0x00000000e3a80000)
  to   space 35328K, 0% used [0x00000000e4080000,0x00000000e4080000,0x00000000e6300000)
 ParOldGen       total 144384K, used 91129K [0x00000000a0000000, 0x00000000a8d00000, 0x00000000e0000000)
  object space 144384K, 63% used [0x00000000a0000000,0x00000000a58fe6a8,0x00000000a8d00000)
 Metaspace       used 68811K, capacity 71634K, committed 71768K, reserved 1112064K
  class space    used 9439K, capacity 10092K, committed 10112K, reserved 1048576K
Event: 1028.504 GC heap after
Heap after GC invocations=85 (full 5):
 PSYoungGen      total 58880K, used 11030K [0x00000000e0000000, 0x00000000e5e00000, 0x0000000100000000)
  eden space 28672K, 0% used [0x00000000e0000000,0x00000000e0000000,0x00000000e1c00000)
  from space 30208K, 36% used [0x00000000e4080000,0x00000000e4b45a68,0x00000000e5e00000)
  to   space 33792K, 0% used [0x00000000e1c00000,0x00000000e1c00000,0x00000000e3d00000)
 ParOldGen       total 144384K, used 91129K [0x00000000a0000000, 0x00000000a8d00000, 0x00000000e0000000)
  object space 144384K, 63% used [0x00000000a0000000,0x00000000a58fe6a8,0x00000000a8d00000)
 Metaspace       used 68811K, capacity 71634K, committed 71768K, reserved 1112064K
  class space    used 9439K, capacity 10092K, committed 10112K, reserved 1048576K
}
Event: 2595.199 GC heap before
{Heap before GC invocations=86 (full 5):
 PSYoungGen      total 58880K, used 39702K [0x00000000e0000000, 0x00000000e5e00000, 0x0000000100000000)
  eden space 28672K, 100% used [0x00000000e0000000,0x00000000e1c00000,0x00000000e1c00000)
  from space 30208K, 36% used [0x00000000e4080000,0x00000000e4b45a68,0x00000000e5e00000)
  to   space 33792K, 0% used [0x00000000e1c00000,0x00000000e1c00000,0x00000000e3d00000)
 ParOldGen       total 144384K, used 91129K [0x00000000a0000000, 0x00000000a8d00000, 0x00000000e0000000)
  object space 144384K, 63% used [0x00000000a0000000,0x00000000a58fe6a8,0x00000000a8d00000)
 Metaspace       used 71849K, capacity 74750K, committed 74840K, reserved 1114112K
  class space    used 9630K, capacity 10318K, committed 10368K, reserved 1048576K
Event: 2649.305 GC heap after
Heap after GC invocations=86 (full 5):
 PSYoungGen      total 62464K, used 13032K [0x00000000e0000000, 0x00000000e5c80000, 0x0000000100000000)
  eden space 28672K, 0% used [0x00000000e0000000,0x00000000e0000000,0x00000000e1c00000)
  from space 33792K, 38% used [0x00000000e1c00000,0x00000000e28ba090,0x00000000e3d00000)
  to   space 31744K, 0% used [0x00000000e3d80000,0x00000000e3d80000,0x00000000e5c80000)
 ParOldGen       total 144384K, used 91137K [0x00000000a0000000, 0x00000000a8d00000, 0x00000000e0000000)
  object space 144384K, 63% used [0x00000000a0000000,0x00000000a59006a8,0x00000000a8d00000)
 Metaspace       used 71849K, capacity 74750K, committed 74840K, reserved 1114112K
  class space    used 9630K, capacity 10318K, committed 10368K, reserved 1048576K
}
Event: 5941.218 GC heap before
{Heap before GC invocations=87 (full 5):
 PSYoungGen      total 62464K, used 41704K [0x00000000e0000000, 0x00000000e5c80000, 0x0000000100000000)
  eden space 28672K, 100% used [0x00000000e0000000,0x00000000e1c00000,0x00000000e1c00000)
  from space 33792K, 38% used [0x00000000e1c00000,0x00000000e28ba090,0x00000000e3d00000)
  to   space 31744K, 0% used [0x00000000e3d80000,0x00000000e3d80000,0x00000000e5c80000)
 ParOldGen       total 144384K, used 91137K [0x00000000a0000000, 0x00000000a8d00000, 0x00000000e0000000)
  object space 144384K, 63% used [0x00000000a0000000,0x00000000a59006a8,0x00000000a8d00000)
 Metaspace       used 71882K, capacity 74814K, committed 75096K, reserved 1114112K
  class space    used 9630K, capacity 10318K, committed 10368K, reserved 1048576K
Event: 5957.655 GC heap after
Heap after GC invocations=87 (full 5):
 PSYoungGen      total 59904K, used 10769K [0x00000000e0000000, 0x00000000e5a00000, 0x0000000100000000)
  eden space 30720K, 0% used [0x00000000e0000000,0x00000000e0000000,0x00000000e1e00000)
  from space 29184K, 36% used [0x00000000e3d80000,0x00000000e4804790,0x00000000e5a00000)
  to   space 30720K, 0% used [0x00000000e1e00000,0x00000000e1e00000,0x00000000e3c00000)
 ParOldGen       total 144384K, used 91145K [0x00000000a0000000, 0x00000000a8d00000, 0x00000000e0000000)
  object space 144384K, 63% used [0x00000000a0000000,0x00000000a59026a8,0x00000000a8d00000)
 Metaspace       used 71882K, capacity 74814K, committed 75096K, reserved 1114112K
  class space    used 9630K, capacity 10318K, committed 10368K, reserved 1048576K
}
Event: 9343.151 GC heap before
{Heap before GC invocations=88 (full 5):
 PSYoungGen      total 59904K, used 41489K [0x00000000e0000000, 0x00000000e5a00000, 0x0000000100000000)
  eden space 30720K, 100% used [0x00000000e0000000,0x00000000e1e00000,0x00000000e1e00000)
  from space 29184K, 36% used [0x00000000e3d80000,0x00000000e4804790,0x00000000e5a00000)
  to   space 30720K, 0% used [0x00000000e1e00000,0x00000000e1e00000,0x00000000e3c00000)
 ParOldGen       total 144384K, used 91145K [0x00000000a0000000, 0x00000000a8d00000, 0x00000000e0000000)
  object space 144384K, 63% used [0x00000000a0000000,0x00000000a59026a8,0x00000000a8d00000)
 Metaspace       used 71901K, capacity 74820K, committed 75096K, reserved 1114112K
  class space    used 9631K, capacity 10319K, committed 10368K, reserved 1048576K
Event: 9354.663 GC heap after
Heap after GC invocations=88 (full 5):
 PSYoungGen      total 61440K, used 11057K [0x00000000e0000000, 0x00000000e5900000, 0x0000000100000000)
  eden space 30720K, 0% used [0x00000000e0000000,0x00000000e0000000,0x00000000e1e00000)
  from space 30720K, 35% used [0x00000000e1e00000,0x00000000e28cc790,0x00000000e3c00000)
  to   space 29184K, 0% used [0x00000000e3c80000,0x00000000e3c80000,0x00000000e5900000)
 ParOldGen       total 144384K, used 91145K [0x00000000a0000000, 0x00000000a8d00000, 0x00000000e0000000)
  object space 144384K, 63% used [0x00000000a0000000,0x00000000a59026a8,0x00000000a8d00000)
 Metaspace       used 71901K, capacity 74820K, committed 75096K, reserved 1114112K
  class space    used 9631K, capacity 10319K, committed 10368K, reserved 1048576K
}
Event: 9506.783 GC heap before
{Heap before GC invocations=89 (full 5):
 PSYoungGen      total 61440K, used 41737K [0x00000000e0000000, 0x00000000e5900000, 0x0000000100000000)
  eden space 30720K, 99% used [0x00000000e0000000,0x00000000e1df6050,0x00000000e1e00000)
  from space 30720K, 35% used [0x00000000e1e00000,0x00000000e28cc790,0x00000000e3c00000)
  to   space 29184K, 0% used [0x00000000e3c80000,0x00000000e3c80000,0x00000000e5900000)
 ParOldGen       total 144384K, used 91145K [0x00000000a0000000, 0x00000000a8d00000, 0x00000000e0000000)
  object space 144384K, 63% used [0x00000000a0000000,0x00000000a59026a8,0x00000000a8d00000)
 Metaspace       used 72422K, capacity 75312K, committed 75352K, reserved 1114112K
  class space    used 9673K, capacity 10353K, committed 10368K, reserved 1048576K
Event: 9509.543 GC heap after
Heap after GC invocations=89 (full 5):
 PSYoungGen      total 59904K, used 14404K [0x00000000e0000000, 0x00000000e5700000, 0x0000000100000000)
  eden space 32768K, 0% used [0x00000000e0000000,0x00000000e0000000,0x00000000e2000000)
  from space 27136K, 53% used [0x00000000e3c80000,0x00000000e4a912c8,0x00000000e5700000)
  to   space 28160K, 0% used [0x00000000e2000000,0x00000000e2000000,0x00000000e3b80000)
 ParOldGen       total 144384K, used 91145K [0x00000000a0000000, 0x00000000a8d00000, 0x00000000e0000000)
  object space 144384K, 63% used [0x00000000a0000000,0x00000000a59026a8,0x00000000a8d00000)
 Metaspace       used 72422K, capacity 75312K, committed 75352K, reserved 1114112K
  class space    used 9673K, capacity 10353K, committed 10368K, reserved 1048576K
}

Deoptimization events (10 events):
Event: 9328.609 Thread 0x000000001ae33000 Uncommon trap: reason=unstable_if action=reinterpret pc=0x000000000425a1e0 method=org.gradle.internal.logging.sink.OutputEventTransformer.onOutput(Lorg/gradle/internal/logging/events/OutputEvent;)V @ 84
Event: 9336.913 Thread 0x000000001ae33000 Uncommon trap: reason=unstable_if action=reinterpret pc=0x0000000004345ac4 method=org.gradle.internal.dispatch.ProxyDispatchAdapter$DispatchingInvocationHandler.invoke(Ljava/lang/Object;Ljava/lang/reflect/Method;[Ljava/lang/Object;)Ljava/lang/Object; @ 9
Event: 9434.567 Thread 0x000000001ae33000 Uncommon trap: reason=class_check action=maybe_recompile pc=0x00000000031a38a0 method=sun.reflect.generics.reflectiveObjects.TypeVariableImpl.getGenericDeclaration()Ljava/lang/reflect/GenericDeclaration; @ 4
Event: 9434.591 Thread 0x000000001ae33000 Uncommon trap: reason=class_check action=maybe_recompile pc=0x00000000031a38a0 method=sun.reflect.generics.reflectiveObjects.TypeVariableImpl.getGenericDeclaration()Ljava/lang/reflect/GenericDeclaration; @ 4
Event: 9451.547 Thread 0x000000001ae33000 Uncommon trap: reason=class_check action=maybe_recompile pc=0x00000000037dd368 method=java.util.regex.Pattern$Loop.match(Ljava/util/regex/Matcher;ILjava/lang/CharSequence;)Z @ 139
Event: 9452.411 Thread 0x000000001ae33000 Uncommon trap: reason=class_check action=maybe_recompile pc=0x00000000037dd368 method=java.util.regex.Pattern$Loop.match(Ljava/util/regex/Matcher;ILjava/lang/CharSequence;)Z @ 139
Event: 9462.652 Thread 0x000000001ae37800 Uncommon trap: reason=unstable_if action=reinterpret pc=0x0000000002b01a80 method=java.util.concurrent.locks.AbstractQueuedSynchronizer.acquireQueued(Ljava/util/concurrent/locks/AbstractQueuedSynchronizer$Node;I)Z @ 17
Event: 9498.454 Thread 0x000000001ae33000 Uncommon trap: reason=class_check action=maybe_recompile pc=0x0000000003d0a79c method=java.util.HashMap.removeNode(ILjava/lang/Object;Ljava/lang/Object;ZZ)Ljava/util/HashMap$Node; @ 68
Event: 9548.476 Thread 0x000000001ae33000 Uncommon trap: reason=unstable_if action=reinterpret pc=0x0000000003dddd08 method=com.google.common.collect.MapMakerInternalMap$Segment.getEntry(Ljava/lang/Object;I)Lcom/google/common/collect/MapMakerInternalMap$InternalEntry; @ 40
Event: 9550.298 Thread 0x000000001ae33000 Uncommon trap: reason=unstable_if action=reinterpret pc=0x0000000003cb8a3c method=java.lang.String$CaseInsensitiveComparator.compare(Ljava/lang/String;Ljava/lang/String;)I @ 70

Classes redefined (0 events):
No events

Internal exceptions (10 events):
Event: 1020.819 Thread 0x000000001ae34000 Exception <a 'java/lang/ClassNotFoundException': groovy/lang/DelegatingMetaClassBeanInfo> (0x00000000e16280c8) thrown at [D:\src\AOSP-openjdk-cygwin\jdk8u\hotspot\src\share\vm\classfile\systemDictionary.cpp, line 210]
Event: 1020.839 Thread 0x000000001ae34000 Exception <a 'java/lang/ClassNotFoundException': groovy/lang/DelegatingMetaClassCustomizer> (0x00000000e1655ea8) thrown at [D:\src\AOSP-openjdk-cygwin\jdk8u\hotspot\src\share\vm\classfile\systemDictionary.cpp, line 210]
Event: 1020.842 Thread 0x000000001ae34000 Exception <a 'java/lang/ClassNotFoundException': org/codehaus/groovy/runtime/HandleMetaClassCustomizer> (0x00000000e16ae600) thrown at [D:\src\AOSP-openjdk-cygwin\jdk8u\hotspot\src\share\vm\classfile\systemDictionary.cpp, line 210]
Event: 1020.885 Thread 0x000000001ae34000 Exception <a 'java/lang/ClassNotFoundException': java/util/Collections$EmptyListBeanInfo> (0x00000000e17bd590) thrown at [D:\src\AOSP-openjdk-cygwin\jdk8u\hotspot\src\share\vm\classfile\systemDictionary.cpp, line 210]
Event: 1020.886 Thread 0x000000001ae34000 Exception <a 'java/lang/ClassNotFoundException': java/util/Collections$EmptyListCustomizer> (0x00000000e17c9488) thrown at [D:\src\AOSP-openjdk-cygwin\jdk8u\hotspot\src\share\vm\classfile\systemDictionary.cpp, line 210]
Event: 1021.042 Thread 0x000000001ae34000 Exception <a 'java/lang/ClassNotFoundException': com/android/build/OutputFileBeanInfo> (0x00000000e182b928) thrown at [D:\src\AOSP-openjdk-cygwin\jdk8u\hotspot\src\share\vm\classfile\systemDictionary.cpp, line 210]
Event: 1021.044 Thread 0x000000001ae34000 Exception <a 'java/lang/ClassNotFoundException': com/android/build/OutputFileCustomizer> (0x00000000e183e9a8) thrown at [D:\src\AOSP-openjdk-cygwin\jdk8u\hotspot\src\share\vm\classfile\systemDictionary.cpp, line 210]
Event: 1028.131 Thread 0x0000000018119000 Exception <a 'sun/nio/fs/WindowsException'> (0x00000000e19613a0) thrown at [D:\src\AOSP-openjdk-cygwin\jdk8u\hotspot\src\share\vm\prims\jni.cpp, line 710]
Event: 9328.608 Thread 0x000000001ae33000 Implicit null exception at 0x0000000004256d43 to 0x000000000425a1c1
Event: 9548.476 Thread 0x000000001ae33000 Implicit null exception at 0x0000000003ddbcdc to 0x0000000003dddce1

Events (10 events):
Event: 9560.227 Thread 0x000000001c53c000 Thread added: 0x000000001c53c000
Event: 9570.560 Thread 0x0000000016065000 flushing nmethod 0x000000000325bb90
Event: 9570.561 Thread 0x0000000016065000 flushing nmethod 0x00000000032cd9d0
Event: 9570.571 Thread 0x0000000016065000 flushing nmethod 0x00000000032d5210
Event: 9570.571 Thread 0x0000000016065000 flushing nmethod 0x00000000032db750
Event: 9570.572 Thread 0x0000000016065000 flushing nmethod 0x00000000033b6490
Event: 9590.555 Thread 0x0000000016065000 flushing nmethod 0x0000000003485390
Event: 9590.597 Thread 0x0000000016065000 flushing nmethod 0x000000000352ae10
Event: 9590.606 Thread 0x0000000016065000 flushing nmethod 0x000000000352dc10
Event: 9590.654 Thread 0x0000000016065000 flushing nmethod 0x00000000035c6b90


Dynamic libraries:
0x00007ff6a09d0000 - 0x00007ff6a0a01000 	C:\Program Files\Android\Android Studio\jre\bin\java.exe
0x00007ffe84920000 - 0x00007ffe84b10000 	C:\WINDOWS\SYSTEM32\ntdll.dll
0x00007ffe84030000 - 0x00007ffe840e2000 	C:\WINDOWS\System32\KERNEL32.DLL
0x00007ffe82100000 - 0x00007ffe823a3000 	C:\WINDOWS\System32\KERNELBASE.dll
0x00007ffe82be0000 - 0x00007ffe82c83000 	C:\WINDOWS\System32\ADVAPI32.dll
0x00007ffe83390000 - 0x00007ffe8342e000 	C:\WINDOWS\System32\msvcrt.dll
0x00007ffe82b40000 - 0x00007ffe82bd7000 	C:\WINDOWS\System32\sechost.dll
0x00007ffe83130000 - 0x00007ffe83250000 	C:\WINDOWS\System32\RPCRT4.dll
0x00007ffe829a0000 - 0x00007ffe82b34000 	C:\WINDOWS\System32\USER32.dll
0x00007ffe82970000 - 0x00007ffe82991000 	C:\WINDOWS\System32\win32u.dll
0x00007ffe84180000 - 0x00007ffe841a6000 	C:\WINDOWS\System32\GDI32.dll
0x00007ffe82580000 - 0x00007ffe82714000 	C:\WINDOWS\System32\gdi32full.dll
0x00007ffe82720000 - 0x00007ffe827be000 	C:\WINDOWS\System32\msvcp_win.dll
0x00007ffe827c0000 - 0x00007ffe828ba000 	C:\WINDOWS\System32\ucrtbase.dll
0x00007ffe709e0000 - 0x00007ffe70c65000 	C:\WINDOWS\WinSxS\amd64_microsoft.windows.common-controls_6595b64144ccf1df_6.0.18362.778_none_e6c6b761130d4fb8\COMCTL32.dll
0x00007ffe82df0000 - 0x00007ffe83126000 	C:\WINDOWS\System32\combase.dll
0x00007ffe823b0000 - 0x00007ffe82430000 	C:\WINDOWS\System32\bcryptPrimitives.dll
0x00007ffe84000000 - 0x00007ffe8402e000 	C:\WINDOWS\System32\IMM32.DLL
0x0000000062120000 - 0x00000000621f2000 	C:\Program Files\Android\Android Studio\jre\jre\bin\msvcr100.dll
0x00000000618d0000 - 0x0000000062116000 	C:\Program Files\Android\Android Studio\jre\jre\bin\server\jvm.dll
0x00007ffe840f0000 - 0x00007ffe840f8000 	C:\WINDOWS\System32\PSAPI.DLL
0x00007ffe70e60000 - 0x00007ffe70e69000 	C:\WINDOWS\SYSTEM32\WSOCK32.dll
0x00007ffe7f5c0000 - 0x00007ffe7f5e4000 	C:\WINDOWS\SYSTEM32\WINMM.dll
0x00007ffe802d0000 - 0x00007ffe802da000 	C:\WINDOWS\SYSTEM32\VERSION.dll
0x00007ffe838a0000 - 0x00007ffe8390f000 	C:\WINDOWS\System32\WS2_32.dll
0x00007ffe7f590000 - 0x00007ffe7f5bd000 	C:\WINDOWS\SYSTEM32\WINMMBASE.dll
0x00007ffe81900000 - 0x00007ffe8194a000 	C:\WINDOWS\System32\cfgmgr32.dll
0x00007ffe70e50000 - 0x00007ffe70e5f000 	C:\Program Files\Android\Android Studio\jre\jre\bin\verify.dll
0x00007ffe70e20000 - 0x00007ffe70e49000 	C:\Program Files\Android\Android Studio\jre\jre\bin\java.dll
0x00007ffe703d0000 - 0x00007ffe703e6000 	C:\Program Files\Android\Android Studio\jre\jre\bin\zip.dll
0x00007ffe841b0000 - 0x00007ffe84895000 	C:\WINDOWS\System32\SHELL32.dll
0x00007ffe83940000 - 0x00007ffe839e9000 	C:\WINDOWS\System32\shcore.dll
0x00007ffe81950000 - 0x00007ffe820d0000 	C:\WINDOWS\System32\windows.storage.dll
0x00007ffe81850000 - 0x00007ffe81873000 	C:\WINDOWS\System32\profapi.dll
0x00007ffe817e0000 - 0x00007ffe8182a000 	C:\WINDOWS\System32\powrprof.dll
0x00007ffe817b0000 - 0x00007ffe817c0000 	C:\WINDOWS\System32\UMPDC.dll
0x00007ffe83e50000 - 0x00007ffe83ea2000 	C:\WINDOWS\System32\shlwapi.dll
0x00007ffe81830000 - 0x00007ffe81841000 	C:\WINDOWS\System32\kernel.appcore.dll
0x00007ffe818e0000 - 0x00007ffe818f7000 	C:\WINDOWS\System32\cryptsp.dll
0x00007ffe701f0000 - 0x00007ffe7020a000 	C:\Program Files\Android\Android Studio\jre\jre\bin\net.dll
0x00007ffe745b0000 - 0x00007ffe74785000 	C:\WINDOWS\SYSTEM32\urlmon.dll
0x00007ffe74a90000 - 0x00007ffe74d36000 	C:\WINDOWS\SYSTEM32\iertutil.dll
0x00007ffe81190000 - 0x00007ffe8119c000 	C:\WINDOWS\SYSTEM32\CRYPTBASE.DLL
0x00007ffe80fc0000 - 0x00007ffe81027000 	C:\WINDOWS\system32\mswsock.dll
0x00007ffe701d0000 - 0x00007ffe701e3000 	C:\Program Files\Android\Android Studio\jre\jre\bin\nio.dll
0x00007ffe701a0000 - 0x00007ffe701c6000 	C:\Users\merie\.gradle\native\30\windows-amd64\native-platform.dll
0x00007ffe70d80000 - 0x00007ffe70d8d000 	C:\Program Files\Android\Android Studio\jre\jre\bin\management.dll
0x00007ffe80b30000 - 0x00007ffe80b63000 	C:\WINDOWS\system32\rsaenh.dll
0x00007ffe820d0000 - 0x00007ffe820f6000 	C:\WINDOWS\System32\bcrypt.dll
0x00007ffe816d0000 - 0x00007ffe816f5000 	C:\WINDOWS\SYSTEM32\USERENV.dll
0x00007ffe80cd0000 - 0x00007ffe80d0a000 	C:\WINDOWS\SYSTEM32\IPHLPAPI.DLL
0x00007ffe848a0000 - 0x00007ffe848a8000 	C:\WINDOWS\System32\NSI.dll
0x00007ffe731f0000 - 0x00007ffe73206000 	C:\WINDOWS\SYSTEM32\dhcpcsvc6.DLL
0x00007ffe73770000 - 0x00007ffe7378c000 	C:\WINDOWS\SYSTEM32\dhcpcsvc.DLL
0x00007ffe80d10000 - 0x00007ffe80dda000 	C:\WINDOWS\SYSTEM32\DNSAPI.dll

VM Arguments:
jvm_args: -Xmx1536M -Dfile.encoding=windows-1252 -Duser.country=FR -Duser.language=fr -Duser.variant 
java_command: org.gradle.launcher.daemon.bootstrap.GradleDaemon 5.6.2
java_class_path (initial): C:\Users\merie\.gradle\wrapper\dists\gradle-5.6.2-all\9st6wgf78h16so49nn74lgtbb\gradle-5.6.2\lib\gradle-launcher-5.6.2.jar
Launcher Type: SUN_STANDARD

Environment Variables:
JAVA_HOME=C:\Program Files\Android\Android Studio\jre
CLASSPATH=C:\Users\merie\Desktop\settings\testtest\android\\gradle\wrapper\gradle-wrapper.jar
PATH=C:\Program Files (x86)\Common Files\Oracle\Java\javapath;C:\WINDOWS\system32;C:\WINDOWS;C:\WINDOWS\System32\Wbem;C:\WINDOWS\System32\WindowsPowerShell\v1.0\;C:\WINDOWS\System32\OpenSSH\;C:\Program Files\Git\cmd;C:\Users\merie\AppData\Local\Microsoft\WindowsApps;C:\src\flutter\bin;C:\Users\merie\AppData\Local\Programs\Microsoft VS Code\bin;C:\src\flutter\bin\mingit\cmd
USERNAME=merie
OS=Windows_NT
PROCESSOR_IDENTIFIER=Intel64 Family 6 Model 76 Stepping 4, GenuineIntel



---------------  S Y S T E M  ---------------

OS: Windows 10.0 , 64 bit Build 18362 (10.0.18362.778)

CPU:total 2 (initial active 2) (2 cores per cpu, 1 threads per core) family 6 model 76 stepping 4, cmov, cx8, fxsr, mmx, sse, sse2, sse3, ssse3, sse4.1, sse4.2, popcnt, aes, clmul, erms, 3dnowpref, tsc, tscinvbit

Memory: 4k page, physical 2008304k(88712k free), swap 6059248k(0k free)

vm_info: OpenJDK 64-Bit Server VM (25.212-b04) for windows-amd64 JRE (1.8.0_212-release-1586-b04), built by "builder" with MS VC++ 10.0 (VS2010)

time: Sat May 09 16:51:13 2020
timezone: Afr. centrale Ouest
elapsed time: 9650 seconds (0d 2h 40m 50s)

